 
 1          OPTIONS NONOTES NOSTIMER NOSOURCE NOSYNTAXCHECK;
 NOTE: ODS statements in the SAS Studio environment may disable some output features.
 73         
 74         libname pg1 "/home/u58811620/CISP357/data";
 NOTE: Libref PG1 was successfully assigned as follows: 
       Engine:        V9 
       Physical Name: /home/u58811620/CISP357/data
 75         
 76         %let outpath=/home/u58811620/CISP357/output/;
 77         
 78         ODS EXCEL FILE="&outpath/StormStats.xlsx" STYLE=snow
 79         OPTIONS(SHEET_NAME='South Pacific Summary');
 80         
 81         ods noproctitle;
 82         
 83         proc means data=pg1.storm_detail maxdec=0 median max;
 84             class Season;
 85             var Wind;
 86             where Basin='SP' and Season in (2014,2015,2016);
 87         run;
 
 NOTE: There were 1132 observations read from the data set PG1.STORM_DETAIL.
       WHERE (Basin='SP') and Season in (2014, 2015, 2016);
 NOTE: PROCEDURE MEANS used (Total process time):
       real time           0.05 seconds
       user cpu time       0.05 seconds
       system cpu time     0.01 seconds
       memory              12643.43k
       OS Memory           53736.00k
       Timestamp           07/20/2021 06:38:36 AM
       Step Count                        93  Switch Count  3
       Page Faults                       0
       Page Reclaims                     2538
       Page Swaps                        0
       Voluntary Context Switches        32
       Involuntary Context Switches      0
       Block Input Operations            0
       Block Output Operations           8
       
 
 88         
 89         ods excel options(sheet_name='Detail');
 90         proc print data=pg1.storm_detail noobs;
 91             where Basin='SP' and Season in (2014,2015,2016);
 92             by Season;
 93         run;
 
 NOTE: There were 1132 observations read from the data set PG1.STORM_DETAIL.
       WHERE (Basin='SP') and Season in (2014, 2015, 2016);
 NOTE: PROCEDURE PRINT used (Total process time):
       real time           7.25 seconds
       user cpu time       7.18 seconds
       system cpu time     0.07 seconds
       memory              34078.84k
       OS Memory           81108.00k
       Timestamp           07/20/2021 06:38:44 AM
       Step Count                        94  Switch Count  11
       Page Faults                       0
       Page Reclaims                     17295
       Page Swaps                        0
       Voluntary Context Switches        45
       Involuntary Context Switches      10
       Block Input Operations            0
       Block Output Operations           3120
       
 
 94         
 95         ods proctitle;
 96         
 97         ODS EXCEL CLOSE;
 NOTE: Writing EXCEL file: /home/u58811620/CISP357/output/StormStats.xlsx
 98         
 99         OPTIONS NONOTES NOSTIMER NOSOURCE NOSYNTAXCHECK;
 111        