 
 1          OPTIONS NONOTES NOSTIMER NOSOURCE NOSYNTAXCHECK;
 72         
 73         proc means data=pg1.np_summary;
 74         var DayVisits TentCampers RVCampers;
 75         run;
 
 NOTE: There were 135 observations read from the data set PG1.NP_SUMMARY.
 NOTE: PROCEDURE MEANS used (Total process time):
       real time           0.05 seconds
       user cpu time       0.04 seconds
       system cpu time     0.01 seconds
       memory              8303.43k
       OS Memory           38076.00k
       Timestamp           06/30/2021 10:16:17 PM
       Step Count                        68  Switch Count  1
       Page Faults                       0
       Page Reclaims                     1792
       Page Swaps                        0
       Voluntary Context Switches        23
       Involuntary Context Switches      0
       Block Input Operations            0
       Block Output Operations           8
       
 
 76         
 77         OPTIONS NONOTES NOSTIMER NOSOURCE NOSYNTAXCHECK;
 89         