 
 1          OPTIONS NONOTES NOSTIMER NOSOURCE NOSYNTAXCHECK;
 72         
 73         libname pg1 "/home/u58811620/CISP357/data";
 NOTE: Libref PG1 was successfully assigned as follows: 
       Engine:        V9 
       Physical Name: /home/u58811620/CISP357/data
 74         
 75         proc sort data=pg1.np_summary out=np_sort;
 76             where Type = "NP";
 77             by Reg descending DayVisits ;
 78         run;
 
 NOTE: There were 51 observations read from the data set PG1.NP_SUMMARY.
       WHERE Type='NP';
 NOTE: The data set WORK.NP_SORT has 51 observations and 10 variables.
 NOTE: PROCEDURE SORT used (Total process time):
       real time           0.00 seconds
       user cpu time       0.00 seconds
       system cpu time     0.00 seconds
       memory              1194.12k
       OS Memory           30384.00k
       Timestamp           07/01/2021 03:50:30 AM
       Step Count                        53  Switch Count  2
       Page Faults                       0
       Page Reclaims                     177
       Page Swaps                        0
       Voluntary Context Switches        15
       Involuntary Context Switches      0
       Block Input Operations            0
       Block Output Operations           272
       
 
 79         
 80         OPTIONS NONOTES NOSTIMER NOSOURCE NOSYNTAXCHECK;
 92         