 
 1          OPTIONS NONOTES NOSTIMER NOSOURCE NOSYNTAXCHECK;
 NOTE: ODS statements in the SAS Studio environment may disable some output features.
 73         
 74         libname pg1 "/home/u58811620/CISP357/data";
 NOTE: Libref PG1 was successfully assigned as follows: 
       Engine:        V9 
       Physical Name: /home/u58811620/CISP357/data
 75         
 76         %let outpath=/home/u58811620/CISP357/output/;
 77         
 78         ODS RTF FILE="&outpath/ParkReport.rtf" style=Journal STARTPAGE=NO;
 NOTE: Writing RTF Body file: /home/u58811620/CISP357/output//ParkReport.rtf
 79         
 80         options nodate;
 81         ods noproctitle;
 82         
 83         title "US National Park Regional Usage Summary";
 84         
 85         proc freq data=pg1.np_final;
 86             tables Region /nocum;
 87         run;
 
 NOTE: There were 135 observations read from the data set PG1.NP_FINAL.
 NOTE: PROCEDURE FREQ used (Total process time):
       real time           0.04 seconds
       user cpu time       0.04 seconds
       system cpu time     0.01 seconds
       memory              2750.60k
       OS Memory           40884.00k
       Timestamp           07/20/2021 07:23:59 AM
       Step Count                        148  Switch Count  2
       Page Faults                       0
       Page Reclaims                     276
       Page Swaps                        0
       Voluntary Context Switches        14
       Involuntary Context Switches      0
       Block Input Operations            0
       Block Output Operations           272
       
 
 88         
 89         proc means data=pg1.np_final mean median max nonobs maxdec=0;
 90             class Region;
 91             var DayVisits Campers;
 92         run;
 
 NOTE: There were 135 observations read from the data set PG1.NP_FINAL.
 NOTE: PROCEDURE MEANS used (Total process time):
       real time           0.06 seconds
       user cpu time       0.06 seconds
       system cpu time     0.01 seconds
       memory              8497.85k
       OS Memory           48072.00k
       Timestamp           07/20/2021 07:23:59 AM
       Step Count                        149  Switch Count  1
       Page Faults                       0
       Page Reclaims                     1874
       Page Swaps                        0
       Voluntary Context Switches        22
       Involuntary Context Switches      0
       Block Input Operations            0
       Block Output Operations           0
       
 
 93         
 94         ods rtf style=SASDOCPRINTER;
 95         title2 'Day Visits vs. Camping';
 96         proc sgplot data=pg1.np_final;
 97             vbar  Region / response=DayVisits;
 98             vline Region / response=Campers ;
 99         run;
 
 NOTE: PROCEDURE SGPLOT used (Total process time):
       real time           0.31 seconds
       user cpu time       0.13 seconds
       system cpu time     0.04 seconds
       memory              26122.18k
       OS Memory           64440.00k
       Timestamp           07/20/2021 07:23:59 AM
       Step Count                        150  Switch Count  2
       Page Faults                       0
       Page Reclaims                     6800
       Page Swaps                        0
       Voluntary Context Switches        359
       Involuntary Context Switches      0
       Block Input Operations            0
       Block Output Operations           1240
       
 NOTE: There were 135 observations read from the data set PG1.NP_FINAL.
 
 100        title;
 101        
 102        ods proctitle;
 103        options date;
 104        ODS RTF CLOSE;
 105        
 106        OPTIONS NONOTES NOSTIMER NOSOURCE NOSYNTAXCHECK;
 118        