 
 1          OPTIONS NONOTES NOSTIMER NOSOURCE NOSYNTAXCHECK;
 72         
 73         libname pg1 "/home/u58811620/CISP357/data";
 NOTE: Libref PG1 was successfully assigned as follows: 
       Engine:        V9 
       Physical Name: /home/u58811620/CISP357/data
 74         
 75         title1 'Weather Statistics by Year and Park';
 76         
 77         PROC MEANS DATA=pg1.np_westweather mean min max MAXDEC=2;
 78                 VAR Precip Snow TempMin TempMax;
 79                 CLASS Year Name;
 80         RUN;
 
 NOTE: There were 4355 observations read from the data set PG1.NP_WESTWEATHER.
 NOTE: PROCEDURE MEANS used (Total process time):
       real time           0.12 seconds
       user cpu time       0.12 seconds
       system cpu time     0.01 seconds
       memory              10393.43k
       OS Memory           43708.00k
       Timestamp           07/15/2021 04:58:35 AM
       Step Count                        338  Switch Count  1
       Page Faults                       0
       Page Reclaims                     2043
       Page Swaps                        0
       Voluntary Context Switches        29
       Involuntary Context Switches      0
       Block Input Operations            0
       Block Output Operations           24
       
 
 81         
 82         OPTIONS NONOTES NOSTIMER NOSOURCE NOSYNTAXCHECK;
 94         