 
 1          OPTIONS NONOTES NOSTIMER NOSOURCE NOSYNTAXCHECK;
 72         
 73         libname pg1 "/home/u58811620/CISP357/data";
 NOTE: Libref PG1 refers to the same physical library as _TEMP0.
 NOTE: Libref PG1 was successfully assigned as follows: 
       Engine:        V9 
       Physical Name: /home/u58811620/CISP357/data
 74         
 75         data park_type;
 76         set pg1.np_summary;
 77         *Add IF-THEN-ELSE statements;
 78         
 79         IF Type="NM" THEN ParkType="Monument";
 80         ELSE IF Type="NP" THEN ParkType="Park";
 81         ELSE IF Type="NS" THEN ParkType="Seashore";
 82         ELSE IF Type="NPRE" OR Type="PRE" OR Type="PRESERVE" THEN ParkType="Preserve";
 83         ELSE ParkType="River";
 84         run;
 
 NOTE: There were 135 observations read from the data set PG1.NP_SUMMARY.
 NOTE: The data set WORK.PARK_TYPE has 135 observations and 11 variables.
 NOTE: DATA statement used (Total process time):
       real time           0.00 seconds
       user cpu time       0.00 seconds
       system cpu time     0.00 seconds
       memory              959.12k
       OS Memory           33196.00k
       Timestamp           07/08/2021 02:32:35 AM
       Step Count                        161  Switch Count  2
       Page Faults                       0
       Page Reclaims                     182
       Page Swaps                        0
       Voluntary Context Switches        14
       Involuntary Context Switches      0
       Block Input Operations            0
       Block Output Operations           264
       
 
 85         
 86         proc freq data=park_type;
 87         tables ParkType;
 88         run;
 
 NOTE: There were 135 observations read from the data set WORK.PARK_TYPE.
 NOTE: PROCEDURE FREQ used (Total process time):
       real time           0.03 seconds
       user cpu time       0.03 seconds
       system cpu time     0.00 seconds
       memory              2519.28k
       OS Memory           33708.00k
       Timestamp           07/08/2021 02:32:35 AM
       Step Count                        162  Switch Count  2
       Page Faults                       0
       Page Reclaims                     237
       Page Swaps                        0
       Voluntary Context Switches        9
       Involuntary Context Switches      0
       Block Input Operations            0
       Block Output Operations           272
       
 
 89         
 90         OPTIONS NONOTES NOSTIMER NOSOURCE NOSYNTAXCHECK;
 102        