 
 1          OPTIONS NONOTES NOSTIMER NOSOURCE NOSYNTAXCHECK;
 72         
 73         data canadashoes;
 74         
 75         set sashelp.shoes;
 76         where region="Canada";
 77             Profit=Sales-Returns;
 78         run;
 
 NOTE: There were 37 observations read from the data set SASHELP.SHOES.
       WHERE region='Canada';
 NOTE: The data set WORK.CANADASHOES has 37 observations and 8 variables.
 NOTE: DATA statement used (Total process time):
       real time           0.00 seconds
       user cpu time       0.00 seconds
       system cpu time     0.00 seconds
       memory              855.75k
       OS Memory           31656.00k
       Timestamp           06/19/2021 01:22:12 AM
       Step Count                        129  Switch Count  2
       Page Faults                       0
       Page Reclaims                     163
       Page Swaps                        0
       Voluntary Context Switches        12
       Involuntary Context Switches      0
       Block Input Operations            0
       Block Output Operations           272
       
 
 79         
 80         proc print data=canadashoes;
 81         run;
 
 NOTE: There were 37 observations read from the data set WORK.CANADASHOES.
 NOTE: PROCEDURE PRINT used (Total process time):
       real time           0.10 seconds
       user cpu time       0.11 seconds
       system cpu time     0.00 seconds
       memory              2919.93k
       OS Memory           32936.00k
       Timestamp           06/19/2021 01:22:12 AM
       Step Count                        130  Switch Count  0
       Page Faults                       0
       Page Reclaims                     264
       Page Swaps                        0
       Voluntary Context Switches        0
       Involuntary Context Switches      0
       Block Input Operations            0
       Block Output Operations           24
       
 
 82         
 83         OPTIONS NONOTES NOSTIMER NOSOURCE NOSYNTAXCHECK;
 95         