 
 1          OPTIONS NONOTES NOSTIMER NOSOURCE NOSYNTAXCHECK;
 72         
 73         libname pg1 "/home/u58811620/CISP357/data";
 NOTE: Libref PG1 was successfully assigned as follows: 
       Engine:        V9 
       Physical Name: /home/u58811620/CISP357/data
 74         
 75         proc print data=pg1.np_summary;
 76             var Type ParkName;
 77             /*Add a WHERE statement;*/
 78             where ParkName like '%Preserve%';
 79         run;
 
 NOTE: There were 8 observations read from the data set PG1.NP_SUMMARY.
       WHERE ParkName like '%Preserve%';
 NOTE: PROCEDURE PRINT used (Total process time):
       real time           0.02 seconds
       user cpu time       0.03 seconds
       system cpu time     0.00 seconds
       memory              2190.03k
       OS Memory           32428.00k
       Timestamp           07/01/2021 12:17:03 AM
       Step Count                        259  Switch Count  0
       Page Faults                       0
       Page Reclaims                     204
       Page Swaps                        0
       Voluntary Context Switches        4
       Involuntary Context Switches      0
       Block Input Operations            0
       Block Output Operations           16
       
 
 80         
 81         OPTIONS NONOTES NOSTIMER NOSOURCE NOSYNTAXCHECK;
 93         