 
 1          OPTIONS NONOTES NOSTIMER NOSOURCE NOSYNTAXCHECK;
 72         
 73         libname pg1 "/home/u58811620/CISP357/data";
 NOTE: Libref PG1 was successfully assigned as follows: 
       Engine:        V9 
       Physical Name: /home/u58811620/CISP357/data
 74         
 75         proc sort data=pg1.eu_occ(keep=Geo Country) out=GeoCountryList
 76                   nodupkey;
 77             by Geo Country;
 78         run;
 
 NOTE: There were 4785 observations read from the data set PG1.EU_OCC.
 NOTE: 4756 observations with duplicate key values were deleted.
 NOTE: The data set WORK.GEOCOUNTRYLIST has 29 observations and 2 variables.
 NOTE: PROCEDURE SORT used (Total process time):
       real time           0.00 seconds
       user cpu time       0.01 seconds
       system cpu time     0.00 seconds
       memory              2586.81k
       OS Memory           32828.00k
       Timestamp           07/01/2021 04:29:38 AM
       Step Count                        66  Switch Count  2
       Page Faults                       0
       Page Reclaims                     346
       Page Swaps                        0
       Voluntary Context Switches        13
       Involuntary Context Switches      0
       Block Input Operations            0
       Block Output Operations           280
       
 
 79         
 80         OPTIONS NONOTES NOSTIMER NOSOURCE NOSYNTAXCHECK;
 92         