 
 1          OPTIONS NONOTES NOSTIMER NOSOURCE NOSYNTAXCHECK;
 72         
 73         libname pg1 "/home/u58811620/CISP357/data";
 NOTE: Libref PG1 was successfully assigned as follows: 
       Engine:        V9 
       Physical Name: /home/u58811620/CISP357/data
 74         
 75         proc means data=pg1.np_westweather noprint;
 76         where Precip ne 0;
 77         var Precip;
 78         class Name Year;
 79         output out=rainstats(where=(_type_=3)) n=RainDays sum=TotalRain;
 80         run;
 
 NOTE: There were 970 observations read from the data set PG1.NP_WESTWEATHER.
       WHERE Precip not = 0;
 NOTE: The data set WORK.RAINSTATS has 12 observations and 6 variables.
 NOTE: PROCEDURE MEANS used (Total process time):
       real time           0.01 seconds
       user cpu time       0.01 seconds
       system cpu time     0.00 seconds
       memory              8153.84k
       OS Memory           43200.00k
       Timestamp           07/15/2021 05:24:40 AM
       Step Count                        384  Switch Count  5
       Page Faults                       0
       Page Reclaims                     1930
       Page Swaps                        0
       Voluntary Context Switches        42
       Involuntary Context Switches      0
       Block Input Operations            0
       Block Output Operations           264
       
 
 81         
 82         title1 "Rain Statistics by Year and Park";
 83         
 84         proc print data=rainstats noobs label;
 85         var Name Year RainDays TotalRain;
 86         label Name="Park Name" RainDays="Number of Days Raining"
 87         TotalRain="Total Rain Amount(inches)";
 88         run;
 
 NOTE: There were 12 observations read from the data set WORK.RAINSTATS.
 NOTE: PROCEDURE PRINT used (Total process time):
       real time           0.04 seconds
       user cpu time       0.04 seconds
       system cpu time     0.00 seconds
       memory              2614.90k
       OS Memory           36776.00k
       Timestamp           07/15/2021 05:24:40 AM
       Step Count                        385  Switch Count  0
       Page Faults                       0
       Page Reclaims                     103
       Page Swaps                        0
       Voluntary Context Switches        0
       Involuntary Context Switches      0
       Block Input Operations            0
       Block Output Operations           8
       
 
 89         
 90         title;
 91         
 92         OPTIONS NONOTES NOSTIMER NOSOURCE NOSYNTAXCHECK;
 104        