 
 1          OPTIONS NONOTES NOSTIMER NOSOURCE NOSYNTAXCHECK;
 72         
 73         proc import datafile="/home/u58811620/CISP357/data/storm_damage.tab"
 74         dbms=tab
 75         out=storm_damage_tab
 76         replace;
 77         run;
 
 NOTE: Unable to open parameter catalog: SASUSER.PARMS.PARMS.SLIST in update mode. Temporary parameter values will be saved to 
 WORK.PARMS.PARMS.SLIST.
 78          /**********************************************************************
 79          *   PRODUCT:   SAS
 80          *   VERSION:   9.4
 81          *   CREATOR:   External File Interface
 82          *   DATE:      24JUN21
 83          *   DESC:      Generated SAS Datastep Code
 84          *   TEMPLATE SOURCE:  (None Specified.)
 85          ***********************************************************************/
 86             data WORK.STORM_DAMAGE_TAB    ;
 87             %let _EFIERR_ = 0; /* set the ERROR detection macro variable */
 88             infile '/home/u58811620/CISP357/data/storm_damage.tab' delimiter='09'x MISSOVER DSD lrecl=32767 firstobs=2 ;
 89                informat Event $22. ;
 90                informat Date DATE9. ;
 91                informat Summary $762. ;
 92                informat Cost best32. ;
 93                format Event $22. ;
 94                format Date DATE9. ;
 95                format Summary $762. ;
 96                format Cost best12. ;
 97             input
 98                         Event  $
 99                         Date
 100                        Summary  $
 101                        Cost
 102            ;
 103            if _ERROR_ then call symputx('_EFIERR_',1);  /* set ERROR detection macro variable */
 104            run;
 
 NOTE: The infile '/home/u58811620/CISP357/data/storm_damage.tab' is:
       Filename=/home/u58811620/CISP357/data/storm_damage.tab,
       Owner Name=u58811620,Group Name=oda,
       Access Permission=-rw-r--r--,
       Last Modified=16Jun2021:23:14:26,
       File Size (bytes)=12267
 
 NOTE: 38 records were read from the infile '/home/u58811620/CISP357/data/storm_damage.tab'.
       The minimum record length was 148.
       The maximum record length was 800.
 NOTE: The data set WORK.STORM_DAMAGE_TAB has 38 observations and 4 variables.
 NOTE: DATA statement used (Total process time):
       real time           0.00 seconds
       user cpu time       0.00 seconds
       system cpu time     0.00 seconds
       memory              9272.15k
       OS Memory           46016.00k
       Timestamp           06/24/2021 01:34:48 AM
       Step Count                        154  Switch Count  2
       Page Faults                       0
       Page Reclaims                     142
       Page Swaps                        0
       Voluntary Context Switches        10
       Involuntary Context Switches      0
       Block Input Operations            0
       Block Output Operations           272
       
 
 38 rows created in WORK.STORM_DAMAGE_TAB from /home/u58811620/CISP357/data/storm_damage.tab.
   
   
   
 NOTE: WORK.STORM_DAMAGE_TAB data set was successfully created.
 NOTE: The data set WORK.STORM_DAMAGE_TAB has 38 observations and 4 variables.
 NOTE: PROCEDURE IMPORT used (Total process time):
       real time           0.10 seconds
       user cpu time       0.05 seconds
       system cpu time     0.01 seconds
       memory              9272.15k
       OS Memory           46276.00k
       Timestamp           06/24/2021 01:34:48 AM
       Step Count                        154  Switch Count  10
       Page Faults                       0
       Page Reclaims                     2480
       Page Swaps                        0
       Voluntary Context Switches        83
       Involuntary Context Switches      0
       Block Input Operations            0
       Block Output Operations           320
       
 
 105        
 106        OPTIONS NONOTES NOSTIMER NOSOURCE NOSYNTAXCHECK;
 118        