 
 1          OPTIONS NONOTES NOSTIMER NOSOURCE NOSYNTAXCHECK;
 72         
 73         proc import datafile="/home/u58811620/CISP357/data/np_traffic.dat"
 74         dbms=dlm
 75         out=traffic2
 76         replace;
 77         
 78         guessinggrows=3000;
             _____________
             1
 WARNING 1-322: Assuming the symbol GUESSINGROWS was misspelled as guessinggrows.
 
 79         delimiter="|";
 80         run;
 
 NOTE: Unable to open parameter catalog: SASUSER.PARMS.PARMS.SLIST in update mode. Temporary parameter values will be saved to 
 WORK.PARMS.PARMS.SLIST.
 81          /**********************************************************************
 82          *   PRODUCT:   SAS
 83          *   VERSION:   9.4
 84          *   CREATOR:   External File Interface
 85          *   DATE:      24JUN21
 86          *   DESC:      Generated SAS Datastep Code
 87          *   TEMPLATE SOURCE:  (None Specified.)
 88          ***********************************************************************/
 89             data WORK.TRAFFIC2    ;
 90             %let _EFIERR_ = 0; /* set the ERROR detection macro variable */
 91             infile '/home/u58811620/CISP357/data/np_traffic.dat' delimiter = '|' MISSOVER DSD lrecl=32767 firstobs=2 ;
 92                informat ParkName $108. ;
 93                informat UnitCode $4. ;
 94                informat ParkType $24. ;
 95                informat Region $12. ;
 96                informat TrafficCounter $77. ;
 97                informat ReportingDate DATE9. ;
 98                informat TrafficCount best32. ;
 99                format ParkName $108. ;
 100               format UnitCode $4. ;
 101               format ParkType $24. ;
 102               format Region $12. ;
 103               format TrafficCounter $77. ;
 104               format ReportingDate DATE9. ;
 105               format TrafficCount best12. ;
 106            input
 107                        ParkName  $
 108                        UnitCode  $
 109                        ParkType  $
 110                        Region  $
 111                        TrafficCounter  $
 112                        ReportingDate
 113                        TrafficCount
 114            ;
 115            if _ERROR_ then call symputx('_EFIERR_',1);  /* set ERROR detection macro variable */
 116            run;
 
 NOTE: The infile '/home/u58811620/CISP357/data/np_traffic.dat' is:
       Filename=/home/u58811620/CISP357/data/np_traffic.dat,
       Owner Name=u58811620,Group Name=oda,
       Access Permission=-rw-r--r--,
       Last Modified=16Jun2021:23:14:25,
       File Size (bytes)=287791
 
 NOTE: 2784 records were read from the infile '/home/u58811620/CISP357/data/np_traffic.dat'.
       The minimum record length was 80.
       The maximum record length was 138.
 NOTE: The data set WORK.TRAFFIC2 has 2784 observations and 7 variables.
 NOTE: DATA statement used (Total process time):
       real time           0.00 seconds
       user cpu time       0.01 seconds
       system cpu time     0.00 seconds
       memory              10017.75k
       OS Memory           49660.00k
       Timestamp           06/24/2021 02:02:35 AM
       Step Count                        174  Switch Count  2
       Page Faults                       0
       Page Reclaims                     300
       Page Swaps                        0
       Voluntary Context Switches        12
       Involuntary Context Switches      0
       Block Input Operations            0
       Block Output Operations           1544
       
 
 2784 rows created in WORK.TRAFFIC2 from /home/u58811620/CISP357/data/np_traffic.dat.
   
   
   
 NOTE: WORK.TRAFFIC2 data set was successfully created.
 NOTE: The data set WORK.TRAFFIC2 has 2784 observations and 7 variables.
 NOTE: PROCEDURE IMPORT used (Total process time):
       real time           0.95 seconds
       user cpu time       0.89 seconds
       system cpu time     0.01 seconds
       memory              10017.75k
       OS Memory           50432.00k
       Timestamp           06/24/2021 02:02:35 AM
       Step Count                        174  Switch Count  10
       Page Faults                       0
       Page Reclaims                     5484
       Page Swaps                        0
       Voluntary Context Switches        90
       Involuntary Context Switches      1
       Block Input Operations            0
       Block Output Operations           1600
       
 
 117        
 118        OPTIONS NONOTES NOSTIMER NOSOURCE NOSYNTAXCHECK;
 130        