 
 1          OPTIONS NONOTES NOSTIMER NOSOURCE NOSYNTAXCHECK;
 72         
 73         proc print data=pg1.storm_summary(obs=50);
 74         
 75         /*There were 50 observations read from the data set PG1.STORM_SUMMARY. WHERE MinPressure is null;*/
 76              /*where MinPressure is missing; /*same as MinPressure = . */
 77         
 78         /*There were 50 observations read from the data set PG1.STORM_SUMMARY. WHERE Type is not null;*/
 79              /*where Type is not missing; /*same as Type ne " " */
 80         
 81         /*There were 36 observations read from the data set PG1.STORM_SUMMARY. WHERE (MaxWindMPH>=150 and MaxWindMPH<=155);*/
 82              /*where MaxWindMPH between 150 and 155;*/
 83         
 84         /*There were 50 observations read from the data set PG1.STORM_SUMMARY. WHERE Basin like '_I';*/
 85         /*where Basin like "_I";*/
 86         
 87         /*There were 24 observations read from the data set PG1.STORM_SUMMARY. WHERE name like 'Z%';*/
 88         where name like "Z%";
 89         run;
 
 NOTE: There were 24 observations read from the data set PG1.STORM_SUMMARY.
       WHERE name like 'Z%';
 NOTE: PROCEDURE PRINT used (Total process time):
       real time           0.10 seconds
       user cpu time       0.10 seconds
       system cpu time     0.00 seconds
       memory              3359.12k
       OS Memory           33324.00k
       Timestamp           07/01/2021 12:00:48 AM
       Step Count                        223  Switch Count  0
       Page Faults                       0
       Page Reclaims                     392
       Page Swaps                        0
       Voluntary Context Switches        6
       Involuntary Context Switches      0
       Block Input Operations            0
       Block Output Operations           40
       
 
 90         
 91         OPTIONS NONOTES NOSTIMER NOSOURCE NOSYNTAXCHECK;
 103        