 
 1          OPTIONS NONOTES NOSTIMER NOSOURCE NOSYNTAXCHECK;
 72         
 73         proc print data=pg1.storm_summary(obs=50);
 74         
 75         /*There were 50 observations read from the data set PG1.STORM_SUMMARY. WHERE MinPressure is null;*/
 76              /*where MinPressure is missing; /*same as MinPressure = . */
 77         
 78         /*There were 50 observations read from the data set PG1.STORM_SUMMARY. WHERE Type is not null;*/
 79              /*where Type is not missing; /*same as Type ne " " */
 80         
 81         /*There were 36 observations read from the data set PG1.STORM_SUMMARY. WHERE (MaxWindMPH>=150 and MaxWindMPH<=155);*/
 82              where MaxWindMPH between 150 and 155;
 83         
 84         /*There were 50 observations read from the data set PG1.STORM_SUMMARY. WHERE Basin like '_I';*/
 85         /*where Basin like "_I";*/
 86         
 87         /*There were 24 observations read from the data set PG1.STORM_SUMMARY. WHERE name like 'Z%';*/
 88         /*where name like "Z%";*/
 89         run;
 
 NOTE: There were 36 observations read from the data set PG1.STORM_SUMMARY.
       WHERE (MaxWindMPH>=150 and MaxWindMPH<=155);
 NOTE: PROCEDURE PRINT used (Total process time):
       real time           0.13 seconds
       user cpu time       0.13 seconds
       system cpu time     0.01 seconds
       memory              3775.12k
       OS Memory           33836.00k
       Timestamp           06/30/2021 11:58:14 PM
       Step Count                        211  Switch Count  0
       Page Faults                       0
       Page Reclaims                     442
       Page Swaps                        0
       Voluntary Context Switches        6
       Involuntary Context Switches      0
       Block Input Operations            0
       Block Output Operations           56
       
 
 90         
 91         OPTIONS NONOTES NOSTIMER NOSOURCE NOSYNTAXCHECK;
 103        