 
 1          OPTIONS NONOTES NOSTIMER NOSOURCE NOSYNTAXCHECK;
 72         
 73         proc print data=pg1.storm_summary(obs=50);
 74         
 75         /*There were 50 observations read from the data set PG1.STORM_SUMMARY. WHERE MinPressure is null;*/
 76              /*where MinPressure is missing; /*same as MinPressure = . */
 77         
 78         /*There were 50 observations read from the data set PG1.STORM_SUMMARY. WHERE Type is not null;*/
 79              where Type is not missing; /*same as Type ne " " */
 80         
 81         /*There were 36 observations read from the data set PG1.STORM_SUMMARY. WHERE (MaxWindMPH>=150 and MaxWindMPH<=155);*/
 82              /*where MaxWindMPH between 150 and 155;*/
 83         
 84         /*There were 50 observations read from the data set PG1.STORM_SUMMARY. WHERE Basin like '_I';*/
 85         /*where Basin like "_I";*/
 86         
 87         /*There were 24 observations read from the data set PG1.STORM_SUMMARY. WHERE name like 'Z%';*/
 88         /*where name like "Z%";*/
 89         run;
 
 NOTE: There were 50 observations read from the data set PG1.STORM_SUMMARY.
       WHERE Type is not null;
 NOTE: PROCEDURE PRINT used (Total process time):
       real time           0.18 seconds
       user cpu time       0.18 seconds
       system cpu time     0.01 seconds
       memory              4351.65k
       OS Memory           34348.00k
       Timestamp           06/30/2021 11:56:13 PM
       Step Count                        205  Switch Count  1
       Page Faults                       0
       Page Reclaims                     686
       Page Swaps                        0
       Voluntary Context Switches        12
       Involuntary Context Switches      1
       Block Input Operations            0
       Block Output Operations           64
       
 
 90         
 91         OPTIONS NONOTES NOSTIMER NOSOURCE NOSYNTAXCHECK;
 103        